<?xml version="1.0" encoding="UTF-8" ?>
<testsuites>
  <testsuite errors="1" failures="0" hostname="radicalpet" id="0" name="Filter" package="org.junit.runner.manipulation" tests="1" time="0.084" timestamp="2015-03-04T00:31:12">
      <properties />

      <testcase classname="org.junit.runner.manipulation.Filter" name="initializationError" time="0.081">
          <error message="No tests found matching grails test target pattern filter from org.junit.runner.Request$1@48a0c8aa" type="java.lang.Exception">java.lang.Exception: No tests found matching grails test target pattern filter from org.junit.runner.Request$1@48a0c8aa
</error>

      </testcase>

      <system-out><![CDATA[--Output from initializationError--
]]></system-out>

      <system-err><![CDATA[--Output from initializationError--
]]></system-err>

  </testsuite>
</testsuites>
